<?xml version="1.0" encoding="UTF-8"?>
<!-- Generated by org.testng.reporters.JUnitXMLReporter -->
<testsuite ignored="0" hostname="ImranB" failures="0" tests="2" name="Default test" time="3.094" errors="0" timestamp="2025-02-10T13:09:24 EST">
  <testcase classname="com.w2a.API_Batch.testCases.TestCreateCustomerAPI" name="validateCreateCustomerWithValid" time="2.203"/>
  <testcase classname="com.w2a.API_Batch.testCases.TestCreateCustomerAPI" name="validateCreateCustomerWithValid" time="0.574"/>
</testsuite> <!-- Default test -->
