<?xml version="1.0" encoding="UTF-8"?>
<!-- Generated by org.testng.reporters.JUnitXMLReporter -->
<testsuite ignored="0" hostname="ImranB" failures="1" tests="6" name="Test" time="0.409" errors="0" timestamp="2025-02-12T16:32:31 EST">
  <testcase classname="com.w2a.API_Batch.testCases.TestCustomerAPI" name="m1" time="0.009">
    <skipped/>
  </testcase> <!-- m1 -->
  <testcase classname="com.w2a.API_Batch.testCases.TestCustomerAPI" name="m1" time="0.001">
    <skipped/>
  </testcase> <!-- m1 -->
  <testcase classname="com.w2a.API_Batch.testCases.TestCustomerAPI" name="m1" time="0.001">
    <skipped/>
  </testcase> <!-- m1 -->
  <testcase classname="com.w2a.API_Batch.testCases.TestCustomerAPI" name="m1" time="0.001">
    <skipped/>
  </testcase> <!-- m1 -->
  <testcase classname="com.w2a.API_Batch.testCases.TestCustomerAPI" name="m1" time="0.004">
    <failure type="java.lang.AssertionError" message="null">
      <![CDATA[java.lang.AssertionError: null
at com.w2a.API_Batch.testCases.TestCustomerAPI.m1(TestCustomerAPI.java:31)
at java.base/java.util.ArrayList.forEach(ArrayList.java:1596)
... Removed 27 stack frames]]>
    </failure>
  </testcase> <!-- m1 -->
  <testcase classname="com.w2a.API_Batch.testCases.TestCustomerAPI" name="validateCreateCustomerAPIWithValidData" time="0.0">
    <skipped/>
  </testcase> <!-- validateCreateCustomerAPIWithValidData -->
</testsuite> <!-- Test -->
