<?xml version="1.0" encoding="UTF-8"?>
<testng-results ignored="0" total="1" passed="1" failed="0" skipped="0">
  <reporter-output>
  </reporter-output>
  <suite started-at="2025-02-14T16:20:46 EST" name="Suite" finished-at="2025-02-14T16:20:49 EST" duration-ms="3276">
    <groups>
    </groups>
    <test started-at="2025-02-14T16:20:46 EST" name="Test" finished-at="2025-02-14T16:20:49 EST" duration-ms="3276">
      <class name="com.w2a.API_Batch.testCases.TestCustomerAPI">
        <test-method is-config="true" signature="beforeSuit()[pri:0, instance:com.w2a.API_Batch.testCases.TestCustomerAPI@78a773fd]" started-at="2025-02-14T16:20:45 EST" name="beforeSuit" finished-at="2025-02-14T16:20:46 EST" duration-ms="838" status="PASS">
          <reporter-output>
          </reporter-output>
        </test-method> <!-- beforeSuit -->
        <test-method is-config="true" signature="beforeClass()[pri:0, instance:com.w2a.API_Batch.testCases.TestCustomerAPI@78a773fd]" started-at="2025-02-14T16:20:46 EST" name="beforeClass" finished-at="2025-02-14T16:20:46 EST" duration-ms="6" status="PASS">
          <reporter-output>
          </reporter-output>
        </test-method> <!-- beforeClass -->
        <test-method is-config="true" signature="beforeMethod(java.lang.reflect.Method)[pri:0, instance:com.w2a.API_Batch.testCases.TestCustomerAPI@78a773fd]" started-at="2025-02-14T16:20:46 EST" name="beforeMethod" finished-at="2025-02-14T16:20:46 EST" duration-ms="2" status="PASS">
          <params>
            <param index="0">
              <value>
                <![CDATA[public void com.w2a.API_Batch.testCases.TestCustomerAPI.validateCreateCustomerAPIWithValidData(java.util.Hashtable)]]>
              </value>
            </param>
          </params>
          <reporter-output>
          </reporter-output>
        </test-method> <!-- beforeMethod -->
        <test-method signature="validateCreateCustomerAPIWithValidData(java.util.Hashtable)[pri:1, instance:com.w2a.API_Batch.testCases.TestCustomerAPI@78a773fd]" started-at="2025-02-14T16:20:46 EST" name="validateCreateCustomerAPIWithValidData" data-provider="dp" finished-at="2025-02-14T16:20:49 EST" duration-ms="2894" status="PASS">
          <params>
            <param index="0">
              <value>
                <![CDATA[{expectedStatusCode=200, arguments=email:imranbharucha@gmail.com,description:Test case data 01,balance:10000, expectedEmail=imranbharucha@gmail.com, endpoint=customers}]]>
              </value>
            </param>
          </params>
          <reporter-output>
          </reporter-output>
        </test-method> <!-- validateCreateCustomerAPIWithValidData -->
        <test-method is-config="true" signature="afterMethod(org.testng.ITestResult)[pri:0, instance:com.w2a.API_Batch.testCases.TestCustomerAPI@78a773fd]" started-at="2025-02-14T16:20:49 EST" name="afterMethod" finished-at="2025-02-14T16:20:49 EST" duration-ms="1" status="PASS">
          <params>
            <param index="0">
              <value>
                <![CDATA[[TestResult name=validateCreateCustomerAPIWithValidData status=SUCCESS method=TestCustomerAPI.validateCreateCustomerAPIWithValidData(java.util.Hashtable)[pri:1, instance:com.w2a.API_Batch.testCases.TestCustomerAPI@78a773fd] output={null}]]]>
              </value>
            </param>
          </params>
          <reporter-output>
          </reporter-output>
        </test-method> <!-- afterMethod -->
        <test-method is-config="true" signature="afterSuite()[pri:0, instance:com.w2a.API_Batch.testCases.TestCustomerAPI@78a773fd]" started-at="2025-02-14T16:20:49 EST" name="afterSuite" finished-at="2025-02-14T16:20:49 EST" duration-ms="1" status="PASS">
          <reporter-output>
          </reporter-output>
        </test-method> <!-- afterSuite -->
      </class> <!-- com.w2a.API_Batch.testCases.TestCustomerAPI -->
    </test> <!-- Test -->
  </suite> <!-- Suite -->
</testng-results>
