<?xml version="1.0" encoding="UTF-8"?>
<testng-results ignored="0" total="2" passed="2" failed="0" skipped="0">
  <reporter-output>
  </reporter-output>
  <suite started-at="2025-02-10T13:09:21 EST" name="Default suite" finished-at="2025-02-10T13:09:24 EST" duration-ms="3094">
    <groups>
    </groups>
    <test started-at="2025-02-10T13:09:21 EST" name="Default test" finished-at="2025-02-10T13:09:24 EST" duration-ms="3094">
      <class name="com.w2a.API_Batch.testCases.TestCreateCustomerAPI">
        <test-method is-config="true" signature="beforeSuit()[pri:0, instance:com.w2a.API_Batch.testCases.TestCreateCustomerAPI@30af5b6b]" started-at="2025-02-10T13:09:20 EST" name="beforeSuit" finished-at="2025-02-10T13:09:21 EST" duration-ms="523" status="PASS">
          <reporter-output>
          </reporter-output>
        </test-method> <!-- beforeSuit -->
        <test-method is-config="true" signature="beforeClass()[pri:0, instance:com.w2a.API_Batch.testCases.TestCreateCustomerAPI@30af5b6b]" started-at="2025-02-10T13:09:21 EST" name="beforeClass" finished-at="2025-02-10T13:09:21 EST" duration-ms="5" status="PASS">
          <reporter-output>
          </reporter-output>
        </test-method> <!-- beforeClass -->
        <test-method is-config="true" signature="beforeMethod(java.lang.reflect.Method)[pri:0, instance:com.w2a.API_Batch.testCases.TestCreateCustomerAPI@30af5b6b]" started-at="2025-02-10T13:09:21 EST" name="beforeMethod" finished-at="2025-02-10T13:09:21 EST" duration-ms="5" status="PASS">
          <params>
            <param index="0">
              <value>
                <![CDATA[public void com.w2a.API_Batch.testCases.TestCreateCustomerAPI.validateCreateCustomerWithValid(java.util.Hashtable)]]>
              </value>
            </param>
          </params>
          <reporter-output>
          </reporter-output>
        </test-method> <!-- beforeMethod -->
        <test-method signature="validateCreateCustomerWithValid(java.util.Hashtable)[pri:0, instance:com.w2a.API_Batch.testCases.TestCreateCustomerAPI@30af5b6b]" started-at="2025-02-10T13:09:21 EST" name="validateCreateCustomerWithValid" data-provider="dp" finished-at="2025-02-10T13:09:23 EST" duration-ms="2203" status="PASS">
          <params>
            <param index="0">
              <value>
                <![CDATA[{email=imranbharucha@gmail.com, description=imran as a admin}]]>
              </value>
            </param>
          </params>
          <reporter-output>
          </reporter-output>
        </test-method> <!-- validateCreateCustomerWithValid -->
        <test-method is-config="true" signature="afterMethod(org.testng.ITestResult)[pri:0, instance:com.w2a.API_Batch.testCases.TestCreateCustomerAPI@30af5b6b]" started-at="2025-02-10T13:09:23 EST" name="afterMethod" finished-at="2025-02-10T13:09:23 EST" duration-ms="249" status="PASS">
          <params>
            <param index="0">
              <value>
                <![CDATA[[TestResult name=validateCreateCustomerWithValid status=SUCCESS method=TestCreateCustomerAPI.validateCreateCustomerWithValid(java.util.Hashtable)[pri:0, instance:com.w2a.API_Batch.testCases.TestCreateCustomerAPI@30af5b6b] output={null}]]]>
              </value>
            </param>
          </params>
          <reporter-output>
          </reporter-output>
        </test-method> <!-- afterMethod -->
        <test-method is-config="true" signature="beforeMethod(java.lang.reflect.Method)[pri:0, instance:com.w2a.API_Batch.testCases.TestCreateCustomerAPI@30af5b6b]" started-at="2025-02-10T13:09:23 EST" name="beforeMethod" finished-at="2025-02-10T13:09:23 EST" duration-ms="2" status="PASS">
          <params>
            <param index="0">
              <value>
                <![CDATA[public void com.w2a.API_Batch.testCases.TestCreateCustomerAPI.validateCreateCustomerWithValid(java.util.Hashtable)]]>
              </value>
            </param>
          </params>
          <reporter-output>
          </reporter-output>
        </test-method> <!-- beforeMethod -->
        <test-method signature="validateCreateCustomerWithValid(java.util.Hashtable)[pri:0, instance:com.w2a.API_Batch.testCases.TestCreateCustomerAPI@30af5b6b]" started-at="2025-02-10T13:09:23 EST" name="validateCreateCustomerWithValid" data-provider="dp" finished-at="2025-02-10T13:09:24 EST" duration-ms="574" status="PASS">
          <params>
            <param index="0">
              <value>
                <![CDATA[{email=farheenpatel@gmail.com, description=farheen as a customer}]]>
              </value>
            </param>
          </params>
          <reporter-output>
          </reporter-output>
        </test-method> <!-- validateCreateCustomerWithValid -->
        <test-method is-config="true" signature="afterMethod(org.testng.ITestResult)[pri:0, instance:com.w2a.API_Batch.testCases.TestCreateCustomerAPI@30af5b6b]" started-at="2025-02-10T13:09:24 EST" name="afterMethod" finished-at="2025-02-10T13:09:24 EST" duration-ms="11" status="PASS">
          <params>
            <param index="0">
              <value>
                <![CDATA[[TestResult name=validateCreateCustomerWithValid status=SUCCESS method=TestCreateCustomerAPI.validateCreateCustomerWithValid(java.util.Hashtable)[pri:0, instance:com.w2a.API_Batch.testCases.TestCreateCustomerAPI@30af5b6b] output={null}]]]>
              </value>
            </param>
          </params>
          <reporter-output>
          </reporter-output>
        </test-method> <!-- afterMethod -->
        <test-method is-config="true" signature="afterSuite()[pri:0, instance:com.w2a.API_Batch.testCases.TestCreateCustomerAPI@30af5b6b]" started-at="2025-02-10T13:09:24 EST" name="afterSuite" finished-at="2025-02-10T13:09:24 EST" duration-ms="2" status="PASS">
          <reporter-output>
          </reporter-output>
        </test-method> <!-- afterSuite -->
      </class> <!-- com.w2a.API_Batch.testCases.TestCreateCustomerAPI -->
    </test> <!-- Default test -->
  </suite> <!-- Default suite -->
</testng-results>
